Change Component Comment : Designator=C2 Old Comment=C_Package_Value New Comment=C_0603_22p 100V
Change Component Comment : Designator=C3 Old Comment=C_Package_Value New Comment=C_0603_22p 100V
Change Component Comment : Designator=C1 Old Comment=C_Package_Value New Comment=C_0603_100n 100V
Change Component Comment : Designator=C4 Old Comment=C_Package_Value New Comment=C_0603_100n 100V
Change Component Comment : Designator=C5 Old Comment=C_Package_Value New Comment=C_0603_100n 100V
Change Component Comment : Designator=C6 Old Comment=C_Package_Value New Comment=C_0603_100n 100V
Change Component Comment : Designator=C7 Old Comment=C_Package_Value New Comment=C_0603_100n 100V
Change Component Comment : Designator=D1 Old Comment=D_Package_Color New Comment=D_0603_Yellow
Change Component Comment : Designator=L1 Old Comment=L_Package_Value New Comment=L_0603_120R
Change Component Comment : Designator=R2 Old Comment=R_Package_Value New Comment=R_0603_1k
Change Component Comment : Designator=R3 Old Comment=R_Package_Value New Comment=R_0603_1k
Change Component Comment : Designator=R4 Old Comment=R_Package_Value New Comment=R_0603_1k
Change Component Comment : Designator=R5 Old Comment=R_Package_Value New Comment=R_0603_1k
Change Component Comment : Designator=R6 Old Comment=R_Package_Value New Comment=R_0603_1M
Change Component Comment : Designator=R7 Old Comment=R_Package_Value New Comment=R_0603_4K7
Change Component Comment : Designator=R1 Old Comment=R_Package_Value New Comment=R_0603_570R
Change Component Comment : Designator=U1 Old Comment=U_Package_Product New Comment=U_TQFP44_ATMega324p
Added Component: Designator=C32(CAP 0603)
Add component (AddParameter): Name = "LatestRevisionDate"; Value = "17-Jul-2002"; VariantName = "[No Variations]"
Add component (AddParameter): Name = "LatestRevisionNote"; Value = "Re-released for DXP Platform."; VariantName = "[No Variations]"
Add component (AddParameter): Name = "Published"; Value = "8-Jun-2000"; VariantName = "[No Variations]"
Add component (AddParameter): Name = "Publisher"; Value = "Altium Limited"; VariantName = "[No Variations]"
Added Pin To Net: NetName=GND Pin=C32-1
Added Pin To Net: NetName=RES Pin=C32-2
Added Member To Class: ClassName=MCU Member=Component C32 C_0603_100n 100V
Added Room: Name=IO
Added Room: Name=MCU
Added Room: Name=Motor
Added Room: Name=Power
