Replace Part C16 Cap in C:\Users\gkhnm\OneDrive\Belgeler\GitHub\ControllerBoard\IO.SchDoc with Cap from HUE.IntLib
Replace Part C17 Cap in C:\Users\gkhnm\OneDrive\Belgeler\GitHub\ControllerBoard\IO.SchDoc with Cap from HUE.IntLib
Replace Part C18 Cap in C:\Users\gkhnm\OneDrive\Belgeler\GitHub\ControllerBoard\IO.SchDoc with Cap from HUE.IntLib
Replace Part C19 Cap in C:\Users\gkhnm\OneDrive\Belgeler\GitHub\ControllerBoard\IO.SchDoc with Cap from HUE.IntLib
Replace Part C20 Cap in C:\Users\gkhnm\OneDrive\Belgeler\GitHub\ControllerBoard\IO.SchDoc with Cap from HUE.IntLib
Replace Part C21 Cap in C:\Users\gkhnm\OneDrive\Belgeler\GitHub\ControllerBoard\IO.SchDoc with Cap from HUE.IntLib
Replace Part C22 Cap in C:\Users\gkhnm\OneDrive\Belgeler\GitHub\ControllerBoard\IO.SchDoc with Cap from HUE.IntLib
Replace Part C23 Cap in C:\Users\gkhnm\OneDrive\Belgeler\GitHub\ControllerBoard\IO.SchDoc with Cap from HUE.IntLib
Replace Part C24 Cap in C:\Users\gkhnm\OneDrive\Belgeler\GitHub\ControllerBoard\IO.SchDoc with Cap from HUE.IntLib
Replace Part C25 Cap in C:\Users\gkhnm\OneDrive\Belgeler\GitHub\ControllerBoard\IO.SchDoc with Cap from HUE.IntLib
Replace Part D8 Led in C:\Users\gkhnm\OneDrive\Belgeler\GitHub\ControllerBoard\IO.SchDoc with Led from HUE.IntLib
Replace Part D9 Led in C:\Users\gkhnm\OneDrive\Belgeler\GitHub\ControllerBoard\IO.SchDoc with Led from HUE.IntLib
Replace Part D10 DIODE TVS UNI in C:\Users\gkhnm\OneDrive\Belgeler\GitHub\ControllerBoard\IO.SchDoc with DIODE TVS UNI from HUE.IntLib
Replace Part D11 DIODE TVS UNI in C:\Users\gkhnm\OneDrive\Belgeler\GitHub\ControllerBoard\IO.SchDoc with DIODE TVS UNI from HUE.IntLib
Replace Part D12 Led in C:\Users\gkhnm\OneDrive\Belgeler\GitHub\ControllerBoard\IO.SchDoc with Led from HUE.IntLib
Replace Part D13 DIODE TVS UNI in C:\Users\gkhnm\OneDrive\Belgeler\GitHub\ControllerBoard\IO.SchDoc with DIODE TVS UNI from HUE.IntLib
Replace Part D14 Led in C:\Users\gkhnm\OneDrive\Belgeler\GitHub\ControllerBoard\IO.SchDoc with Led from HUE.IntLib
Replace Part D15 DIODE TVS UNI in C:\Users\gkhnm\OneDrive\Belgeler\GitHub\ControllerBoard\IO.SchDoc with DIODE TVS UNI from HUE.IntLib
Replace Part D16 Led in C:\Users\gkhnm\OneDrive\Belgeler\GitHub\ControllerBoard\IO.SchDoc with Led from HUE.IntLib
Replace Part D17 DIODE TVS UNI in C:\Users\gkhnm\OneDrive\Belgeler\GitHub\ControllerBoard\IO.SchDoc with DIODE TVS UNI from HUE.IntLib
Replace Part D18 Led in C:\Users\gkhnm\OneDrive\Belgeler\GitHub\ControllerBoard\IO.SchDoc with Led from HUE.IntLib
Replace Part D19 DIODE TVS UNI in C:\Users\gkhnm\OneDrive\Belgeler\GitHub\ControllerBoard\IO.SchDoc with DIODE TVS UNI from HUE.IntLib
Replace Part D20 Led in C:\Users\gkhnm\OneDrive\Belgeler\GitHub\ControllerBoard\IO.SchDoc with Led from HUE.IntLib
Replace Part D21 DIODE TVS UNI in C:\Users\gkhnm\OneDrive\Belgeler\GitHub\ControllerBoard\IO.SchDoc with DIODE TVS UNI from HUE.IntLib
Replace Part D22 Led in C:\Users\gkhnm\OneDrive\Belgeler\GitHub\ControllerBoard\IO.SchDoc with Led from HUE.IntLib
Replace Part D23 DIODE TVS UNI in C:\Users\gkhnm\OneDrive\Belgeler\GitHub\ControllerBoard\IO.SchDoc with DIODE TVS UNI from HUE.IntLib
Replace Part D24 Led in C:\Users\gkhnm\OneDrive\Belgeler\GitHub\ControllerBoard\IO.SchDoc with Led from HUE.IntLib
Replace Part D25 DIODE TVS UNI in C:\Users\gkhnm\OneDrive\Belgeler\GitHub\ControllerBoard\IO.SchDoc with DIODE TVS UNI from HUE.IntLib
Replace Part D26 Led in C:\Users\gkhnm\OneDrive\Belgeler\GitHub\ControllerBoard\IO.SchDoc with Led from HUE.IntLib
Replace Part D27 DIODE TVS UNI in C:\Users\gkhnm\OneDrive\Belgeler\GitHub\ControllerBoard\IO.SchDoc with DIODE TVS UNI from HUE.IntLib
Replace Part J4 3 Pin PCB Terminal Block in C:\Users\gkhnm\OneDrive\Belgeler\GitHub\ControllerBoard\IO.SchDoc with 3 Pin PCB Terminal Block from HUE.IntLib
Replace Part J5 3 Pin PCB Terminal Block in C:\Users\gkhnm\OneDrive\Belgeler\GitHub\ControllerBoard\IO.SchDoc with 3 Pin PCB Terminal Block from HUE.IntLib
Replace Part J6 3 Pin PCB Terminal Block in C:\Users\gkhnm\OneDrive\Belgeler\GitHub\ControllerBoard\IO.SchDoc with 3 Pin PCB Terminal Block from HUE.IntLib
Replace Part J7 3 Pin PCB Terminal Block in C:\Users\gkhnm\OneDrive\Belgeler\GitHub\ControllerBoard\IO.SchDoc with 3 Pin PCB Terminal Block from HUE.IntLib
Replace Part J8 3 Pin PCB Terminal Block in C:\Users\gkhnm\OneDrive\Belgeler\GitHub\ControllerBoard\IO.SchDoc with 3 Pin PCB Terminal Block from HUE.IntLib
Replace Part J9 3 Pin PCB Terminal Block in C:\Users\gkhnm\OneDrive\Belgeler\GitHub\ControllerBoard\IO.SchDoc with 3 Pin PCB Terminal Block from HUE.IntLib
Replace Part J10 3 Pin PCB Terminal Block in C:\Users\gkhnm\OneDrive\Belgeler\GitHub\ControllerBoard\IO.SchDoc with 3 Pin PCB Terminal Block from HUE.IntLib
Replace Part J11 3 Pin PCB Terminal Block in C:\Users\gkhnm\OneDrive\Belgeler\GitHub\ControllerBoard\IO.SchDoc with 3 Pin PCB Terminal Block from HUE.IntLib
Replace Part J12 3 Pin PCB Terminal Block in C:\Users\gkhnm\OneDrive\Belgeler\GitHub\ControllerBoard\IO.SchDoc with 3 Pin PCB Terminal Block from HUE.IntLib
Replace Part J13 3 Pin PCB Terminal Block in C:\Users\gkhnm\OneDrive\Belgeler\GitHub\ControllerBoard\IO.SchDoc with 3 Pin PCB Terminal Block from HUE.IntLib
Replace Part Q1 Opto Coupler in C:\Users\gkhnm\OneDrive\Belgeler\GitHub\ControllerBoard\IO.SchDoc with Opto Coupler from HUE.IntLib
Replace Part Q2 Opto Coupler in C:\Users\gkhnm\OneDrive\Belgeler\GitHub\ControllerBoard\IO.SchDoc with Opto Coupler from HUE.IntLib
Replace Part Q3 Opto Coupler in C:\Users\gkhnm\OneDrive\Belgeler\GitHub\ControllerBoard\IO.SchDoc with Opto Coupler from HUE.IntLib
Replace Part Q4 Opto Coupler in C:\Users\gkhnm\OneDrive\Belgeler\GitHub\ControllerBoard\IO.SchDoc with Opto Coupler from HUE.IntLib
Replace Part Q5 Opto Coupler in C:\Users\gkhnm\OneDrive\Belgeler\GitHub\ControllerBoard\IO.SchDoc with Opto Coupler from HUE.IntLib
Replace Part Q6 Opto Coupler in C:\Users\gkhnm\OneDrive\Belgeler\GitHub\ControllerBoard\IO.SchDoc with Opto Coupler from HUE.IntLib
Replace Part Q7 Opto Coupler in C:\Users\gkhnm\OneDrive\Belgeler\GitHub\ControllerBoard\IO.SchDoc with Opto Coupler from HUE.IntLib
Replace Part Q8 Opto Coupler in C:\Users\gkhnm\OneDrive\Belgeler\GitHub\ControllerBoard\IO.SchDoc with Opto Coupler from HUE.IntLib
Replace Part Q9 Opto Coupler in C:\Users\gkhnm\OneDrive\Belgeler\GitHub\ControllerBoard\IO.SchDoc with Opto Coupler from HUE.IntLib
Replace Part Q10 Opto Coupler in C:\Users\gkhnm\OneDrive\Belgeler\GitHub\ControllerBoard\IO.SchDoc with Opto Coupler from HUE.IntLib
Replace Part R16 Res in C:\Users\gkhnm\OneDrive\Belgeler\GitHub\ControllerBoard\IO.SchDoc with Res from HUE.IntLib
Replace Part R17 Res in C:\Users\gkhnm\OneDrive\Belgeler\GitHub\ControllerBoard\IO.SchDoc with Res from HUE.IntLib
Replace Part R18 Res in C:\Users\gkhnm\OneDrive\Belgeler\GitHub\ControllerBoard\IO.SchDoc with Res from HUE.IntLib
Replace Part R19 Res in C:\Users\gkhnm\OneDrive\Belgeler\GitHub\ControllerBoard\IO.SchDoc with Res from HUE.IntLib
Replace Part R20 Res in C:\Users\gkhnm\OneDrive\Belgeler\GitHub\ControllerBoard\IO.SchDoc with Res from HUE.IntLib
Replace Part R21 Res in C:\Users\gkhnm\OneDrive\Belgeler\GitHub\ControllerBoard\IO.SchDoc with Res from HUE.IntLib
Replace Part R22 Res in C:\Users\gkhnm\OneDrive\Belgeler\GitHub\ControllerBoard\IO.SchDoc with Res from HUE.IntLib
Replace Part R23 Res in C:\Users\gkhnm\OneDrive\Belgeler\GitHub\ControllerBoard\IO.SchDoc with Res from HUE.IntLib
Replace Part R24 Res in C:\Users\gkhnm\OneDrive\Belgeler\GitHub\ControllerBoard\IO.SchDoc with Res from HUE.IntLib
Replace Part R25 Res in C:\Users\gkhnm\OneDrive\Belgeler\GitHub\ControllerBoard\IO.SchDoc with Res from HUE.IntLib
Replace Part R26 Res in C:\Users\gkhnm\OneDrive\Belgeler\GitHub\ControllerBoard\IO.SchDoc with Res from HUE.IntLib
Replace Part R27 Res in C:\Users\gkhnm\OneDrive\Belgeler\GitHub\ControllerBoard\IO.SchDoc with Res from HUE.IntLib
Replace Part R28 Res in C:\Users\gkhnm\OneDrive\Belgeler\GitHub\ControllerBoard\IO.SchDoc with Res from HUE.IntLib
Replace Part R29 Res in C:\Users\gkhnm\OneDrive\Belgeler\GitHub\ControllerBoard\IO.SchDoc with Res from HUE.IntLib
Replace Part R30 Res in C:\Users\gkhnm\OneDrive\Belgeler\GitHub\ControllerBoard\IO.SchDoc with Res from HUE.IntLib
Replace Part R31 Res in C:\Users\gkhnm\OneDrive\Belgeler\GitHub\ControllerBoard\IO.SchDoc with Res from HUE.IntLib
Replace Part R32 Res in C:\Users\gkhnm\OneDrive\Belgeler\GitHub\ControllerBoard\IO.SchDoc with Res from HUE.IntLib
Replace Part R33 Res in C:\Users\gkhnm\OneDrive\Belgeler\GitHub\ControllerBoard\IO.SchDoc with Res from HUE.IntLib
Replace Part R34 Res in C:\Users\gkhnm\OneDrive\Belgeler\GitHub\ControllerBoard\IO.SchDoc with Res from HUE.IntLib
Replace Part R35 Res in C:\Users\gkhnm\OneDrive\Belgeler\GitHub\ControllerBoard\IO.SchDoc with Res from HUE.IntLib
