Replace Part C1 Cap in C:\Users\gkhnm\OneDrive\Belgeler\GitHub\ControllerBoard\MCU.SchDoc with Cap from HUE.IntLib
Replace Part C2 Cap in C:\Users\gkhnm\OneDrive\Belgeler\GitHub\ControllerBoard\MCU.SchDoc with Cap from HUE.IntLib
Replace Part C3 Cap in C:\Users\gkhnm\OneDrive\Belgeler\GitHub\ControllerBoard\MCU.SchDoc with Cap from HUE.IntLib
Replace Part C4 Cap in C:\Users\gkhnm\OneDrive\Belgeler\GitHub\ControllerBoard\MCU.SchDoc with Cap from HUE.IntLib
Replace Part C5 Cap in C:\Users\gkhnm\OneDrive\Belgeler\GitHub\ControllerBoard\MCU.SchDoc with Cap from HUE.IntLib
Replace Part C6 Cap in C:\Users\gkhnm\OneDrive\Belgeler\GitHub\ControllerBoard\MCU.SchDoc with Cap from HUE.IntLib
Replace Part C7 Cap in C:\Users\gkhnm\OneDrive\Belgeler\GitHub\ControllerBoard\MCU.SchDoc with Cap from HUE.IntLib
Replace Part D1 Led in C:\Users\gkhnm\OneDrive\Belgeler\GitHub\ControllerBoard\MCU.SchDoc with Led from HUE.IntLib
Replace Part J1 4 Pin PCB Terminal Block in C:\Users\gkhnm\OneDrive\Belgeler\GitHub\ControllerBoard\MCU.SchDoc with 4 Pin PCB Terminal Block from HUE.IntLib
Replace Part J2 4 Pin PCB Terminal Block in C:\Users\gkhnm\OneDrive\Belgeler\GitHub\ControllerBoard\MCU.SchDoc with 4 Pin PCB Terminal Block from HUE.IntLib
Replace Part L1 Inductor in C:\Users\gkhnm\OneDrive\Belgeler\GitHub\ControllerBoard\MCU.SchDoc with Inductor from HUE.IntLib
Replace Part P1 Header 3X2A in C:\Users\gkhnm\OneDrive\Belgeler\GitHub\ControllerBoard\MCU.SchDoc with Header 3X2A from Miscellaneous Connectors.IntLib
Replace Part R1 Res in C:\Users\gkhnm\OneDrive\Belgeler\GitHub\ControllerBoard\MCU.SchDoc with Res from HUE.IntLib
Replace Part R2 Res in C:\Users\gkhnm\OneDrive\Belgeler\GitHub\ControllerBoard\MCU.SchDoc with Res from HUE.IntLib
Replace Part R3 Res in C:\Users\gkhnm\OneDrive\Belgeler\GitHub\ControllerBoard\MCU.SchDoc with Res from HUE.IntLib
Replace Part R4 Res in C:\Users\gkhnm\OneDrive\Belgeler\GitHub\ControllerBoard\MCU.SchDoc with Res from HUE.IntLib
Replace Part R5 Res in C:\Users\gkhnm\OneDrive\Belgeler\GitHub\ControllerBoard\MCU.SchDoc with Res from HUE.IntLib
Replace Part R6 Res in C:\Users\gkhnm\OneDrive\Belgeler\GitHub\ControllerBoard\MCU.SchDoc with Res from HUE.IntLib
Replace Part R7 Res in C:\Users\gkhnm\OneDrive\Belgeler\GitHub\ControllerBoard\MCU.SchDoc with Res from HUE.IntLib
Replace Part U1 ATMEGA324P-20AU in C:\Users\gkhnm\OneDrive\Belgeler\GitHub\ControllerBoard\MCU.SchDoc with ATMEGA324P-20AU from HUE.IntLib
Replace Part X1 Crystal 4 Pin in C:\Users\gkhnm\OneDrive\Belgeler\GitHub\ControllerBoard\MCU.SchDoc with Crystal 4 Pin from HUE.IntLib
