Replace Part C8 Cap in C:\Users\gkhnm\OneDrive\Belgeler\GitHub\ControllerBoard\Power.SchDoc with Cap from HUE.IntLib
Replace Part C9 Cap Tantalium in C:\Users\gkhnm\OneDrive\Belgeler\GitHub\ControllerBoard\Power.SchDoc with Cap Tantalium from HUE.IntLib
Replace Part C10 Cap in C:\Users\gkhnm\OneDrive\Belgeler\GitHub\ControllerBoard\Power.SchDoc with Cap from HUE.IntLib
Replace Part C11 Cap in C:\Users\gkhnm\OneDrive\Belgeler\GitHub\ControllerBoard\Power.SchDoc with Cap from HUE.IntLib
Replace Part C12 Cap in C:\Users\gkhnm\OneDrive\Belgeler\GitHub\ControllerBoard\Power.SchDoc with Cap from HUE.IntLib
Replace Part C13 Cap in C:\Users\gkhnm\OneDrive\Belgeler\GitHub\ControllerBoard\Power.SchDoc with Cap from HUE.IntLib
Replace Part C14 Cap in C:\Users\gkhnm\OneDrive\Belgeler\GitHub\ControllerBoard\Power.SchDoc with Cap from HUE.IntLib
Replace Part C15 Cap in C:\Users\gkhnm\OneDrive\Belgeler\GitHub\ControllerBoard\Power.SchDoc with Cap from HUE.IntLib
Replace Part D2 Diode Zener in C:\Users\gkhnm\OneDrive\Belgeler\GitHub\ControllerBoard\Power.SchDoc with Diode Zener from HUE.IntLib
Replace Part D3 Led in C:\Users\gkhnm\OneDrive\Belgeler\GitHub\ControllerBoard\Power.SchDoc with Led from HUE.IntLib
Replace Part D4 DIODE TVS UNI in C:\Users\gkhnm\OneDrive\Belgeler\GitHub\ControllerBoard\Power.SchDoc with DIODE TVS UNI from HUE.IntLib
Replace Part D5 Diode Zener in C:\Users\gkhnm\OneDrive\Belgeler\GitHub\ControllerBoard\Power.SchDoc with Diode Zener from HUE.IntLib
Replace Part D6 Diode Zener in C:\Users\gkhnm\OneDrive\Belgeler\GitHub\ControllerBoard\Power.SchDoc with Diode Zener from HUE.IntLib
Replace Part F1 Fuse in C:\Users\gkhnm\OneDrive\Belgeler\GitHub\ControllerBoard\Power.SchDoc with Fuse from HUE.IntLib
Replace Part F2 Fuse in C:\Users\gkhnm\OneDrive\Belgeler\GitHub\ControllerBoard\Power.SchDoc with Fuse from HUE.IntLib
Replace Part J3 2 Pin PCB Terminal Block in C:\Users\gkhnm\OneDrive\Belgeler\GitHub\ControllerBoard\Power.SchDoc with 2 Pin PCB Terminal Block from HUE.IntLib
Replace Part L2 Inductor in C:\Users\gkhnm\OneDrive\Belgeler\GitHub\ControllerBoard\Power.SchDoc with Inductor from HUE.IntLib
Replace Part R8 Res in C:\Users\gkhnm\OneDrive\Belgeler\GitHub\ControllerBoard\Power.SchDoc with Res from HUE.IntLib
Replace Part R10 Res in C:\Users\gkhnm\OneDrive\Belgeler\GitHub\ControllerBoard\Power.SchDoc with Res from HUE.IntLib
Replace Part R11 Res in C:\Users\gkhnm\OneDrive\Belgeler\GitHub\ControllerBoard\Power.SchDoc with Res from HUE.IntLib
Replace Part R12 Res in C:\Users\gkhnm\OneDrive\Belgeler\GitHub\ControllerBoard\Power.SchDoc with Res from HUE.IntLib
Replace Part R14 Res in C:\Users\gkhnm\OneDrive\Belgeler\GitHub\ControllerBoard\Power.SchDoc with Res from HUE.IntLib
Replace Part R15 Res in C:\Users\gkhnm\OneDrive\Belgeler\GitHub\ControllerBoard\Power.SchDoc with Res from HUE.IntLib
Replace Part U2 TPS54360QDDAQ1 in C:\Users\gkhnm\OneDrive\Belgeler\GitHub\ControllerBoard\Power.SchDoc with TPS54360QDDAQ1 from HUE.IntLib
